<?xml version="1.0" encoding="UTF-8"?>
<testng-results ignored="0" total="2" passed="2" failed="0" skipped="0">
  <reporter-output>
  </reporter-output>
  <suite started-at="2024-09-29T22:09:48 IST" name="Default suite" finished-at="2024-09-29T22:09:58 IST" duration-ms="9627">
    <groups>
      <group name="cucumber">
        <method signature="AbstractTestNGCucumberTests.runScenario(io.cucumber.testng.PickleWrapper,io.cucumber.testng.FeatureWrapper)[pri:0, instance:runners.TestRunner@3f4faf53]" name="runScenario" class="io.cucumber.testng.AbstractTestNGCucumberTests"/>
      </group> <!-- cucumber -->
    </groups>
    <test started-at="2024-09-29T22:09:48 IST" name="Default test" finished-at="2024-09-29T22:09:58 IST" duration-ms="9627">
      <class name="runners.TestRunner">
        <test-method is-config="true" signature="setUpClass(org.testng.ITestContext)[pri:0, instance:runners.TestRunner@3f4faf53]" started-at="2024-09-29T22:09:48 IST" name="setUpClass" finished-at="2024-09-29T22:09:49 IST" duration-ms="583" status="PASS">
          <params>
            <param index="0">
              <value>
                <![CDATA[org.testng.TestRunner@4602f874]]>
              </value>
            </param>
          </params>
          <reporter-output>
          </reporter-output>
        </test-method> <!-- setUpClass -->
        <test-method signature="runScenario(io.cucumber.testng.PickleWrapper,io.cucumber.testng.FeatureWrapper)[pri:0, instance:runners.TestRunner@3f4faf53]" started-at="2024-09-29T22:09:49 IST" name="runScenario" description="Runs Cucumber Scenarios" data-provider="scenarios" finished-at="2024-09-29T22:09:55 IST" duration-ms="6066" status="PASS">
          <params>
            <param index="0">
              <value>
                <![CDATA["User places an order successfully"]]>
              </value>
            </param>
            <param index="1">
              <value>
                <![CDATA["Order Confirmation in Sauce Demo Website"]]>
              </value>
            </param>
          </params>
          <reporter-output>
          </reporter-output>
        </test-method> <!-- runScenario -->
        <test-method signature="runScenario(io.cucumber.testng.PickleWrapper,io.cucumber.testng.FeatureWrapper)[pri:0, instance:runners.TestRunner@3f4faf53]" started-at="2024-09-29T22:09:55 IST" name="runScenario" description="Runs Cucumber Scenarios" data-provider="scenarios" finished-at="2024-09-29T22:09:57 IST" duration-ms="2454" status="PASS">
          <params>
            <param index="0">
              <value>
                <![CDATA["Validate the App Title after successful login"]]>
              </value>
            </param>
            <param index="1">
              <value>
                <![CDATA["Validate App Title after Login"]]>
              </value>
            </param>
          </params>
          <reporter-output>
          </reporter-output>
        </test-method> <!-- runScenario -->
        <test-method is-config="true" signature="tearDownClass()[pri:0, instance:runners.TestRunner@3f4faf53]" started-at="2024-09-29T22:09:57 IST" name="tearDownClass" finished-at="2024-09-29T22:09:58 IST" duration-ms="465" status="PASS">
          <reporter-output>
          </reporter-output>
        </test-method> <!-- tearDownClass -->
      </class> <!-- runners.TestRunner -->
    </test> <!-- Default test -->
  </suite> <!-- Default suite -->
</testng-results>
